Using pre-set license
Built from '2021.3/staging' branch; Version is '2021.3.26f1 (a16dc32e0ff2) revision 10579395'; Using compiler version '192829333'; Build Type 'Release'
OS: 'Windows 10  (10.0.19045) 64bit Professional' Language: 'es' Physical Memory: 16342 MB
BatchMode: 1, IsHumanControllingUs: 0, StartBugReporterOnCrash: 0, Is64bit: 1, IsPro: 1

COMMAND LINE ARGUMENTS:
C:\Program Files\Unity\Hub\Editor\2021.3.26f1\Editor\Unity.exe
-adb2
-batchMode
-noUpm
-name
AssetImportWorker0
-projectPath
C:/Users/Thiago Leoncino/Desktop/Hit Box/Proyecto/Hit-Box
-logFile
Logs/AssetImportWorker0.log
-srvPort
56783
Successfully changed project path to: C:/Users/Thiago Leoncino/Desktop/Hit Box/Proyecto/Hit-Box
C:/Users/Thiago Leoncino/Desktop/Hit Box/Proyecto/Hit-Box
[UnityMemory] Configuration Parameters - Can be set up in boot.config
    "memorysetup-bucket-allocator-granularity=16"
    "memorysetup-bucket-allocator-bucket-count=8"
    "memorysetup-bucket-allocator-block-size=33554432"
    "memorysetup-bucket-allocator-block-count=8"
    "memorysetup-main-allocator-block-size=16777216"
    "memorysetup-thread-allocator-block-size=16777216"
    "memorysetup-gfx-main-allocator-block-size=16777216"
    "memorysetup-gfx-thread-allocator-block-size=16777216"
    "memorysetup-cache-allocator-block-size=4194304"
    "memorysetup-typetree-allocator-block-size=2097152"
    "memorysetup-profiler-bucket-allocator-granularity=16"
    "memorysetup-profiler-bucket-allocator-bucket-count=8"
    "memorysetup-profiler-bucket-allocator-block-size=33554432"
    "memorysetup-profiler-bucket-allocator-block-count=8"
    "memorysetup-profiler-allocator-block-size=16777216"
    "memorysetup-profiler-editor-allocator-block-size=1048576"
    "memorysetup-temp-allocator-size-main=16777216"
    "memorysetup-job-temp-allocator-block-size=2097152"
    "memorysetup-job-temp-allocator-block-size-background=1048576"
    "memorysetup-job-temp-allocator-reduction-small-platforms=262144"
    "memorysetup-temp-allocator-size-background-worker=32768"
    "memorysetup-temp-allocator-size-job-worker=262144"
    "memorysetup-temp-allocator-size-preload-manager=33554432"
    "memorysetup-temp-allocator-size-nav-mesh-worker=65536"
    "memorysetup-temp-allocator-size-audio-worker=65536"
    "memorysetup-temp-allocator-size-cloud-worker=32768"
    "memorysetup-temp-allocator-size-gi-baking-worker=262144"
    "memorysetup-temp-allocator-size-gfx=262144"
Player connection [21296] Host "[IP] 192.168.1.10 [Port] 0 [Flags] 2 [Guid] 1134735534 [EditorId] 1134735534 [Version] 1048832 [Id] WindowsEditor(7,DESKTOP-9PDU3HF) [Debug] 1 [PackageName] WindowsEditor [ProjectName] Editor" joined multi-casting on [225.0.0.222:54997]...

Player connection [21296] Host "[IP] 192.168.1.10 [Port] 0 [Flags] 2 [Guid] 1134735534 [EditorId] 1134735534 [Version] 1048832 [Id] WindowsEditor(7,DESKTOP-9PDU3HF) [Debug] 1 [PackageName] WindowsEditor [ProjectName] Editor" joined alternative multi-casting on [225.0.0.222:34997]...

Refreshing native plugins compatible for Editor in 186.91 ms, found 3 plugins.
Preloading 0 native plugins for Editor in 0.00 ms.
Initialize engine version: 2021.3.26f1 (a16dc32e0ff2)
[Subsystems] Discovering subsystems at path C:/Program Files/Unity/Hub/Editor/2021.3.26f1/Editor/Data/Resources/UnitySubsystems
[Subsystems] Discovering subsystems at path C:/Users/Thiago Leoncino/Desktop/Hit Box/Proyecto/Hit-Box/Assets
GfxDevice: creating device client; threaded=0; jobified=0
Direct3D:
    Version:  Direct3D 11.0 [level 11.0]
    Renderer: NVIDIA GeForce GT 730 (ID=0x1287)
    Vendor:   NVIDIA
    VRAM:     2007 MB
    Driver:   30.0.14.7430
Initialize mono
Mono path[0] = 'C:/Program Files/Unity/Hub/Editor/2021.3.26f1/Editor/Data/Managed'
Mono path[1] = 'C:/Program Files/Unity/Hub/Editor/2021.3.26f1/Editor/Data/MonoBleedingEdge/lib/mono/unityjit-win32'
Mono config path = 'C:/Program Files/Unity/Hub/Editor/2021.3.26f1/Editor/Data/MonoBleedingEdge/etc'
Using monoOptions --debugger-agent=transport=dt_socket,embedding=1,server=y,suspend=n,address=127.0.0.1:56132
Begin MonoManager ReloadAssembly
Registering precompiled unity dll's ...
Register platform support module: C:/Program Files/Unity/Hub/Editor/2021.3.26f1/Editor/Data/PlaybackEngines/WindowsStandaloneSupport/UnityEditor.WindowsStandalone.Extensions.dll
Registered in 0.032837 seconds.
Native extension for WindowsStandalone target not found
Refreshing native plugins compatible for Editor in 572.74 ms, found 3 plugins.
Preloading 0 native plugins for Editor in 0.00 ms.
Mono: successfully reloaded assembly
- Completed reload, in  2.137 seconds
Domain Reload Profiling:
	ReloadAssembly (2138ms)
		BeginReloadAssembly (226ms)
			ExecutionOrderSort (0ms)
			DisableScriptedObjects (0ms)
			BackupInstance (0ms)
			ReleaseScriptingObjects (0ms)
			CreateAndSetChildDomain (2ms)
		EndReloadAssembly (1612ms)
			LoadAssemblies (217ms)
			RebuildTransferFunctionScriptingTraits (0ms)
			SetupTypeCache (484ms)
			ReleaseScriptCaches (0ms)
			RebuildScriptCaches (55ms)
			SetupLoadedEditorAssemblies (949ms)
				LogAssemblyErrors (0ms)
				InitializePlatformSupportModulesInManaged (20ms)
				SetLoadedEditorAssemblies (0ms)
				RefreshPlugins (573ms)
				BeforeProcessingInitializeOnLoad (3ms)
				ProcessInitializeOnLoadAttributes (251ms)
				ProcessInitializeOnLoadMethodAttributes (102ms)
				AfterProcessingInitializeOnLoad (0ms)
				EditorAssembliesLoaded (0ms)
			ExecutionOrderSort2 (0ms)
			AwakeInstancesAfterBackupRestoration (0ms)
Platform modules already initialized, skipping
Registering precompiled user dll's ...
Registered in 0.021516 seconds.
Begin MonoManager ReloadAssembly
Symbol file LoadedFromMemory doesn't match image C:\Users\Thiago Leoncino\Desktop\Hit Box\Proyecto\Hit-Box\Library\PackageCache\com.unity.visualscripting@1.8.0\Editor\VisualScripting.Core\Dependencies\YamlDotNet\Unity.VisualScripting.YamlDotNet.dll
Symbol file LoadedFromMemory doesn't match image C:\Users\Thiago Leoncino\Desktop\Hit Box\Proyecto\Hit-Box\Library\PackageCache\com.unity.visualscripting@1.8.0\Editor\VisualScripting.Core\Dependencies\DotNetZip\Unity.VisualScripting.IonicZip.dll
Native extension for WindowsStandalone target not found
Refreshing native plugins compatible for Editor in 0.90 ms, found 3 plugins.
Preloading 0 native plugins for Editor in 0.00 ms.
Mono: successfully reloaded assembly
- Completed reload, in  2.640 seconds
Domain Reload Profiling:
	ReloadAssembly (2642ms)
		BeginReloadAssembly (272ms)
			ExecutionOrderSort (0ms)
			DisableScriptedObjects (13ms)
			BackupInstance (0ms)
			ReleaseScriptingObjects (0ms)
			CreateAndSetChildDomain (30ms)
		EndReloadAssembly (2096ms)
			LoadAssemblies (245ms)
			RebuildTransferFunctionScriptingTraits (0ms)
			SetupTypeCache (599ms)
			ReleaseScriptCaches (1ms)
			RebuildScriptCaches (136ms)
			SetupLoadedEditorAssemblies (1040ms)
				LogAssemblyErrors (0ms)
				InitializePlatformSupportModulesInManaged (19ms)
				SetLoadedEditorAssemblies (1ms)
				RefreshPlugins (1ms)
				BeforeProcessingInitializeOnLoad (283ms)
				ProcessInitializeOnLoadAttributes (625ms)
				ProcessInitializeOnLoadMethodAttributes (67ms)
				AfterProcessingInitializeOnLoad (44ms)
				EditorAssembliesLoaded (0ms)
			ExecutionOrderSort2 (0ms)
			AwakeInstancesAfterBackupRestoration (18ms)
Platform modules already initialized, skipping
========================================================================
Worker process is ready to serve import requests
Launched and connected shader compiler UnityShaderCompiler.exe after 0.15 seconds
Refreshing native plugins compatible for Editor in 1.04 ms, found 3 plugins.
Preloading 0 native plugins for Editor in 0.00 ms.
Unloading 3745 Unused Serialized files (Serialized files now loaded: 0)
Unloading 39 unused Assets / (1.4 MB). Loaded Objects now: 4211.
Memory consumption went from 144.6 MB to 143.3 MB.
Total: 9.256600 ms (FindLiveObjects: 0.773200 ms CreateObjectMapping: 0.661000 ms MarkObjects: 7.183400 ms  DeleteObjects: 0.636900 ms)

AssetImportParameters requested are different than current active one (requested -> active):
  custom:video-decoder-ogg-theora: a1e56fd34408186e4bbccfd4996cb3dc -> 
  custom:container-muxer-webm: aa71ff27fc2769a1b78a27578f13a17b -> 
  custom:container-demuxer-webm: 4f35f7cbe854078d1ac9338744f61a02 -> 
  custom:video-encoder-webm-vp8: eb34c28f22e8b96e1ab97ce403110664 -> 
  custom:audio-encoder-webm-vorbis: bf7c407c2cedff20999df2af8eb42d56 -> 
  custom:framework-win-MediaFoundation: 216162199b28c13a410421893ffa2e32 -> 
  custom:container-demuxer-ogg: 62fdf1f143b41e24485cea50d1cbac27 -> 
  custom:video-decoder-webm-vp8: 9c59270c3fd7afecdb556c50c9e8de78 -> 
  custom:audio-decoder-ogg-vorbis: bf7c407c2cedff20999df2af8eb42d56 -> 
========================================================================
Received Import Request.
  Time since last request: 275388.252316 seconds.
  path: Assets/Personaje_0/Character_0.prefab
  artifactKey: Guid(b933d2076e2f5ac4f80dc97ac2654cfd) Importer(815301076,1909f56bfc062723c751e8b465ee728b)
Start importing Assets/Personaje_0/Character_0.prefab using Guid(b933d2076e2f5ac4f80dc97ac2654cfd) Importer(815301076,1909f56bfc062723c751e8b465ee728b)  -> (artifact id: '1e28a927c3587ad029e040138777a5a9') in 0.924002 seconds 
========================================================================
Received Import Request.
  Time since last request: 0.000574 seconds.
  path: Assets/Personaje_0/HB.png
  artifactKey: Guid(958d9ea6dd463ef4296ef774058a0ea5) Importer(815301076,1909f56bfc062723c751e8b465ee728b)
Start importing Assets/Personaje_0/HB.png using Guid(958d9ea6dd463ef4296ef774058a0ea5) Importer(815301076,1909f56bfc062723c751e8b465ee728b)  -> (artifact id: '19a6723b69db70a44c0fd3741ff0538e') in 0.366603 seconds 
========================================================================
Received Prepare
Registering precompiled user dll's ...
Registered in 0.023382 seconds.
Begin MonoManager ReloadAssembly
Symbol file LoadedFromMemory doesn't match image C:\Users\Thiago Leoncino\Desktop\Hit Box\Proyecto\Hit-Box\Library\PackageCache\com.unity.visualscripting@1.8.0\Editor\VisualScripting.Core\Dependencies\YamlDotNet\Unity.VisualScripting.YamlDotNet.dll
Symbol file LoadedFromMemory doesn't match image C:\Users\Thiago Leoncino\Desktop\Hit Box\Proyecto\Hit-Box\Library\PackageCache\com.unity.visualscripting@1.8.0\Editor\VisualScripting.Core\Dependencies\DotNetZip\Unity.VisualScripting.IonicZip.dll
Native extension for WindowsStandalone target not found
Refreshing native plugins compatible for Editor in 0.92 ms, found 3 plugins.
Preloading 0 native plugins for Editor in 0.00 ms.
Mono: successfully reloaded assembly
- Completed reload, in  2.683 seconds
Domain Reload Profiling:
	ReloadAssembly (2684ms)
		BeginReloadAssembly (385ms)
			ExecutionOrderSort (0ms)
			DisableScriptedObjects (12ms)
			BackupInstance (0ms)
			ReleaseScriptingObjects (0ms)
			CreateAndSetChildDomain (89ms)
		EndReloadAssembly (2021ms)
			LoadAssemblies (263ms)
			RebuildTransferFunctionScriptingTraits (0ms)
			SetupTypeCache (752ms)
			ReleaseScriptCaches (2ms)
			RebuildScriptCaches (88ms)
			SetupLoadedEditorAssemblies (870ms)
				LogAssemblyErrors (0ms)
				InitializePlatformSupportModulesInManaged (18ms)
				SetLoadedEditorAssemblies (1ms)
				RefreshPlugins (1ms)
				BeforeProcessingInitializeOnLoad (194ms)
				ProcessInitializeOnLoadAttributes (507ms)
				ProcessInitializeOnLoadMethodAttributes (102ms)
				AfterProcessingInitializeOnLoad (47ms)
				EditorAssembliesLoaded (0ms)
			ExecutionOrderSort2 (0ms)
			AwakeInstancesAfterBackupRestoration (32ms)
Platform modules already initialized, skipping
Refreshing native plugins compatible for Editor in 5.44 ms, found 3 plugins.
Preloading 0 native plugins for Editor in 0.00 ms.
Unloading 3691 Unused Serialized files (Serialized files now loaded: 0)
Unloading 28 unused Assets / (1.3 MB). Loaded Objects now: 4225.
Memory consumption went from 144.0 MB to 142.7 MB.
Total: 7.437100 ms (FindLiveObjects: 0.406500 ms CreateObjectMapping: 0.371700 ms MarkObjects: 6.080400 ms  DeleteObjects: 0.576900 ms)

AssetImportParameters requested are different than current active one (requested -> active):
  custom:video-decoder-ogg-theora: a1e56fd34408186e4bbccfd4996cb3dc -> 
  custom:container-muxer-webm: aa71ff27fc2769a1b78a27578f13a17b -> 
  custom:container-demuxer-webm: 4f35f7cbe854078d1ac9338744f61a02 -> 
  custom:video-encoder-webm-vp8: eb34c28f22e8b96e1ab97ce403110664 -> 
  custom:audio-encoder-webm-vorbis: bf7c407c2cedff20999df2af8eb42d56 -> 
  custom:framework-win-MediaFoundation: 216162199b28c13a410421893ffa2e32 -> 
  custom:container-demuxer-ogg: 62fdf1f143b41e24485cea50d1cbac27 -> 
  custom:video-decoder-webm-vp8: 9c59270c3fd7afecdb556c50c9e8de78 -> 
  custom:audio-decoder-ogg-vorbis: bf7c407c2cedff20999df2af8eb42d56 -> 
========================================================================
Received Import Request.
  Time since last request: 754.920588 seconds.
  path: Assets/Tiles/Base/AAA4.png
  artifactKey: Guid(0fe6614d0e5430f478a2f9ed161684c0) Importer(815301076,1909f56bfc062723c751e8b465ee728b)
Start importing Assets/Tiles/Base/AAA4.png using Guid(0fe6614d0e5430f478a2f9ed161684c0) Importer(815301076,1909f56bfc062723c751e8b465ee728b)  -> (artifact id: '86fe74f891a165485bc59d112cdda883') in 0.249249 seconds 
========================================================================
Received Import Request.
  Time since last request: 0.000195 seconds.
  path: Assets/Tiles/Base/Form_01_Cube.fbx
  artifactKey: Guid(86a2f7d08b043f54d8bef9b36443a94f) Importer(815301076,1909f56bfc062723c751e8b465ee728b)
Start importing Assets/Tiles/Base/Form_01_Cube.fbx using Guid(86a2f7d08b043f54d8bef9b36443a94f) Importer(815301076,1909f56bfc062723c751e8b465ee728b)  -> (artifact id: 'ce64f09a1884c6ec93a858f64189a434') in 0.388725 seconds 
========================================================================
Received Import Request.
  Time since last request: 0.062107 seconds.
  path: Assets/Tiles/Base/Form_02_Triangle.fbx
  artifactKey: Guid(34dd82840aa95b84a8741583750e2180) Importer(815301076,1909f56bfc062723c751e8b465ee728b)
Start importing Assets/Tiles/Base/Form_02_Triangle.fbx using Guid(34dd82840aa95b84a8741583750e2180) Importer(815301076,1909f56bfc062723c751e8b465ee728b)  -> (artifact id: '67964ae07ca98ddea1fda582ce8f9c64') in 0.091839 seconds 
========================================================================
Received Import Request.
  Time since last request: 0.000528 seconds.
  path: Assets/Tiles/Base/Form_02_Triangle_Map.png
  artifactKey: Guid(b92df942162e1094683859c80b3bf51a) Importer(815301076,1909f56bfc062723c751e8b465ee728b)
Start importing Assets/Tiles/Base/Form_02_Triangle_Map.png using Guid(b92df942162e1094683859c80b3bf51a) Importer(815301076,1909f56bfc062723c751e8b465ee728b)  -> (artifact id: '352cfd83add5aac802d39e893b8a7c09') in 0.078960 seconds 
========================================================================
Received Import Request.
  Time since last request: 1.107934 seconds.
  path: Assets/Tiles/Bloques/Form_01_Cube_Map.png
  artifactKey: Guid(7f6a0b786622c9b43a4cce2cb603d17b) Importer(815301076,1909f56bfc062723c751e8b465ee728b)
Start importing Assets/Tiles/Bloques/Form_01_Cube_Map.png using Guid(7f6a0b786622c9b43a4cce2cb603d17b) Importer(815301076,1909f56bfc062723c751e8b465ee728b)  -> (artifact id: '3a191c68f21f99bf25ced2b5ae75615a') in 0.079026 seconds 
========================================================================
Received Import Request.
  Time since last request: 0.000717 seconds.
  path: Assets/Tiles/Bloques/Form_02_Cube_Map.png
  artifactKey: Guid(3fc6f8e25d3bf9a4a8af8df66354dc2e) Importer(815301076,1909f56bfc062723c751e8b465ee728b)
Start importing Assets/Tiles/Bloques/Form_02_Cube_Map.png using Guid(3fc6f8e25d3bf9a4a8af8df66354dc2e) Importer(815301076,1909f56bfc062723c751e8b465ee728b)  -> (artifact id: '07d68e6dad13b6c79516962afeb1df1f') in 0.145840 seconds 
========================================================================
Received Import Request.
  Time since last request: 0.000535 seconds.
  path: Assets/Tiles/Bloques/New Material.mat
  artifactKey: Guid(8a291129b82792b47a1a90b638ebea20) Importer(815301076,1909f56bfc062723c751e8b465ee728b)
Start importing Assets/Tiles/Bloques/New Material.mat using Guid(8a291129b82792b47a1a90b638ebea20) Importer(815301076,1909f56bfc062723c751e8b465ee728b)  -> (artifact id: '6fc6786c647bc81181d42b8262e78b0c') in 0.046598 seconds 
========================================================================
Received Import Request.
  Time since last request: 0.000549 seconds.
  path: Assets/Tiles/Bloques/Tile_Blender_01.prefab
  artifactKey: Guid(537bda44a34a3ae44bb532c3bd9bdc52) Importer(815301076,1909f56bfc062723c751e8b465ee728b)
Start importing Assets/Tiles/Bloques/Tile_Blender_01.prefab using Guid(537bda44a34a3ae44bb532c3bd9bdc52) Importer(815301076,1909f56bfc062723c751e8b465ee728b)  -> (artifact id: '5f40094fecb286def46bb3565670b97e') in 0.105529 seconds 
========================================================================
Received Import Request.
  Time since last request: 98.864344 seconds.
  path: Assets/Tiles/Viejos Bloques
  artifactKey: Guid(7713f0f689c72c4459f06c7aae381eb7) Importer(815301076,1909f56bfc062723c751e8b465ee728b)
Start importing Assets/Tiles/Viejos Bloques using Guid(7713f0f689c72c4459f06c7aae381eb7) Importer(815301076,1909f56bfc062723c751e8b465ee728b)  -> (artifact id: '4fce9088f7cb5b4da7f30e54df7a602e') in 0.013604 seconds 
========================================================================
Received Import Request.
  Time since last request: 11.222423 seconds.
  path: Assets/Tiles/Tiles
  artifactKey: Guid(cdac076f23ac44e4186dba3145bd01bf) Importer(815301076,1909f56bfc062723c751e8b465ee728b)
Start importing Assets/Tiles/Tiles using Guid(cdac076f23ac44e4186dba3145bd01bf) Importer(815301076,1909f56bfc062723c751e8b465ee728b)  -> (artifact id: '5da131ba8bf4c6c7d864734a6197caeb') in 0.011472 seconds 
========================================================================
Received Import Request.
  Time since last request: 4.875525 seconds.
  path: Assets/Tiles/Tiles/Cube_Stage.prefab
  artifactKey: Guid(493caf3e6a35120469ac5a8e5617c0e9) Importer(815301076,1909f56bfc062723c751e8b465ee728b)
Start importing Assets/Tiles/Tiles/Cube_Stage.prefab using Guid(493caf3e6a35120469ac5a8e5617c0e9) Importer(815301076,1909f56bfc062723c751e8b465ee728b)  -> (artifact id: 'c0dd7a190c42da3de71293292f567ea2') in 0.048100 seconds 
========================================================================
Received Import Request.
  Time since last request: 7.941054 seconds.
  path: Assets/Tiles/Tiles/Cube_Stage.prefab
  artifactKey: Guid(493caf3e6a35120469ac5a8e5617c0e9) Importer(815301076,1909f56bfc062723c751e8b465ee728b)
Start importing Assets/Tiles/Tiles/Cube_Stage.prefab using Guid(493caf3e6a35120469ac5a8e5617c0e9) Importer(815301076,1909f56bfc062723c751e8b465ee728b)  -> (artifact id: 'f3d77b60b3ff4a59406627a7703c80dc') in 0.012056 seconds 
========================================================================
Received Prepare
Registering precompiled user dll's ...
Registered in 0.054202 seconds.
Begin MonoManager ReloadAssembly
Symbol file LoadedFromMemory doesn't match image C:\Users\Thiago Leoncino\Desktop\Hit Box\Proyecto\Hit-Box\Library\PackageCache\com.unity.visualscripting@1.8.0\Editor\VisualScripting.Core\Dependencies\YamlDotNet\Unity.VisualScripting.YamlDotNet.dll
Symbol file LoadedFromMemory doesn't match image C:\Users\Thiago Leoncino\Desktop\Hit Box\Proyecto\Hit-Box\Library\PackageCache\com.unity.visualscripting@1.8.0\Editor\VisualScripting.Core\Dependencies\DotNetZip\Unity.VisualScripting.IonicZip.dll
Native extension for WindowsStandalone target not found
Refreshing native plugins compatible for Editor in 0.87 ms, found 3 plugins.
Preloading 0 native plugins for Editor in 0.00 ms.
Mono: successfully reloaded assembly
- Completed reload, in  7.902 seconds
Domain Reload Profiling:
	ReloadAssembly (7903ms)
		BeginReloadAssembly (1051ms)
			ExecutionOrderSort (0ms)
			DisableScriptedObjects (34ms)
			BackupInstance (0ms)
			ReleaseScriptingObjects (1ms)
			CreateAndSetChildDomain (173ms)
		EndReloadAssembly (6264ms)
			LoadAssemblies (862ms)
			RebuildTransferFunctionScriptingTraits (0ms)
			SetupTypeCache (2701ms)
			ReleaseScriptCaches (2ms)
			RebuildScriptCaches (327ms)
			SetupLoadedEditorAssemblies (2074ms)
				LogAssemblyErrors (0ms)
				InitializePlatformSupportModulesInManaged (37ms)
				SetLoadedEditorAssemblies (1ms)
				RefreshPlugins (1ms)
				BeforeProcessingInitializeOnLoad (617ms)
				ProcessInitializeOnLoadAttributes (1063ms)
				ProcessInitializeOnLoadMethodAttributes (150ms)
				AfterProcessingInitializeOnLoad (206ms)
				EditorAssembliesLoaded (0ms)
			ExecutionOrderSort2 (0ms)
			AwakeInstancesAfterBackupRestoration (91ms)
Platform modules already initialized, skipping
Refreshing native plugins compatible for Editor in 4.34 ms, found 3 plugins.
Preloading 0 native plugins for Editor in 0.00 ms.
Unloading 3691 Unused Serialized files (Serialized files now loaded: 0)
Unloading 28 unused Assets / (1.3 MB). Loaded Objects now: 4269.
Memory consumption went from 144.5 MB to 143.2 MB.
Total: 7.921300 ms (FindLiveObjects: 0.574700 ms CreateObjectMapping: 2.014900 ms MarkObjects: 4.989000 ms  DeleteObjects: 0.341000 ms)

AssetImportParameters requested are different than current active one (requested -> active):
  custom:video-decoder-ogg-theora: a1e56fd34408186e4bbccfd4996cb3dc -> 
  custom:container-muxer-webm: aa71ff27fc2769a1b78a27578f13a17b -> 
  custom:container-demuxer-webm: 4f35f7cbe854078d1ac9338744f61a02 -> 
  custom:video-encoder-webm-vp8: eb34c28f22e8b96e1ab97ce403110664 -> 
  custom:audio-encoder-webm-vorbis: bf7c407c2cedff20999df2af8eb42d56 -> 
  custom:framework-win-MediaFoundation: 216162199b28c13a410421893ffa2e32 -> 
  custom:container-demuxer-ogg: 62fdf1f143b41e24485cea50d1cbac27 -> 
  custom:video-decoder-webm-vp8: 9c59270c3fd7afecdb556c50c9e8de78 -> 
  custom:audio-decoder-ogg-vorbis: bf7c407c2cedff20999df2af8eb42d56 -> 
========================================================================
Received Import Request.
  Time since last request: 2149.648232 seconds.
  path: Assets/Resolucion/Footises.jpeg
  artifactKey: Guid(2e5408bb22e90bc469429a3f9f0d444e) Importer(815301076,1909f56bfc062723c751e8b465ee728b)
Start importing Assets/Resolucion/Footises.jpeg using Guid(2e5408bb22e90bc469429a3f9f0d444e) Importer(815301076,1909f56bfc062723c751e8b465ee728b)  -> (artifact id: '8c43b925ebfb4942c95aed3873e112b6') in 0.874293 seconds 
========================================================================
Received Import Request.
  Time since last request: 0.000577 seconds.
  path: Assets/Resolucion/Personajes.png
  artifactKey: Guid(d7af559d4e4e0cd469b5c75e9c406846) Importer(815301076,1909f56bfc062723c751e8b465ee728b)
Start importing Assets/Resolucion/Personajes.png using Guid(d7af559d4e4e0cd469b5c75e9c406846) Importer(815301076,1909f56bfc062723c751e8b465ee728b)  -> (artifact id: 'c9d4e4e6b6f58e63a21d26d899a2ef06') in 0.221817 seconds 
========================================================================
Received Import Request.
  Time since last request: 0.000640 seconds.
  path: Assets/Resolucion/Mid Screen.jpeg
  artifactKey: Guid(2c46269927f58f146b0ba1d98f8c73ad) Importer(815301076,1909f56bfc062723c751e8b465ee728b)
Start importing Assets/Resolucion/Mid Screen.jpeg using Guid(2c46269927f58f146b0ba1d98f8c73ad) Importer(815301076,1909f56bfc062723c751e8b465ee728b)  -> (artifact id: 'd09c5b94c9ab9510db35cf99cc003537') in 0.302705 seconds 
========================================================================
Received Import Request.
  Time since last request: 0.000587 seconds.
  path: Assets/Resolucion/Full Screen.jpeg
  artifactKey: Guid(5a8233c32820d5143b7385855dd50c54) Importer(815301076,1909f56bfc062723c751e8b465ee728b)
Start importing Assets/Resolucion/Full Screen.jpeg using Guid(5a8233c32820d5143b7385855dd50c54) Importer(815301076,1909f56bfc062723c751e8b465ee728b)  -> (artifact id: 'aeb4246bd5b448f5cf3c874074c21435') in 0.210959 seconds 
========================================================================
Received Import Request.
  Time since last request: 18.381195 seconds.
  path: Assets/Visual
  artifactKey: Guid(702f811ee177c3847be5ce9108b9b3f7) Importer(815301076,1909f56bfc062723c751e8b465ee728b)
Start importing Assets/Visual using Guid(702f811ee177c3847be5ce9108b9b3f7) Importer(815301076,1909f56bfc062723c751e8b465ee728b)  -> (artifact id: '90d01e4bcd18404dee8c6a6422922108') in 0.029748 seconds 
========================================================================
Received Import Request.
  Time since last request: 37.288277 seconds.
  path: Assets/Visual/SpritesShadow.shader
  artifactKey: Guid(7607009af310f2946a551c72f90014dd) Importer(815301076,1909f56bfc062723c751e8b465ee728b)
Start importing Assets/Visual/SpritesShadow.shader using Guid(7607009af310f2946a551c72f90014dd) Importer(815301076,1909f56bfc062723c751e8b465ee728b)  -> (artifact id: 'bb8b57176d5d331fb10d32dc5069c498') in 0.179152 seconds 
========================================================================
Received Import Request.
  Time since last request: 1906.587155 seconds.
  path: Assets/Visual/SpritesShadow.shader
  artifactKey: Guid(7607009af310f2946a551c72f90014dd) Importer(815301076,1909f56bfc062723c751e8b465ee728b)
Start importing Assets/Visual/SpritesShadow.shader using Guid(7607009af310f2946a551c72f90014dd) Importer(815301076,1909f56bfc062723c751e8b465ee728b)  -> (artifact id: '55cf330ff0bca8014522e708b7ef63ae') in 1.709576 seconds 
========================================================================
Received Import Request.
  Time since last request: 16.509881 seconds.
  path: Assets/Visual/Sprites.mat
  artifactKey: Guid(df5a5bc3c539ec14a812b7892a81fad9) Importer(815301076,1909f56bfc062723c751e8b465ee728b)
Start importing Assets/Visual/Sprites.mat using Guid(df5a5bc3c539ec14a812b7892a81fad9) Importer(815301076,1909f56bfc062723c751e8b465ee728b)  -> (artifact id: '2928ba3a3449159a997bc6552468905f') in 0.152493 seconds 
========================================================================
Received Import Request.
  Time since last request: 573.899456 seconds.
  path: Assets/Visual/Sprites.mat
  artifactKey: Guid(df5a5bc3c539ec14a812b7892a81fad9) Importer(815301076,1909f56bfc062723c751e8b465ee728b)
Start importing Assets/Visual/Sprites.mat using Guid(df5a5bc3c539ec14a812b7892a81fad9) Importer(815301076,1909f56bfc062723c751e8b465ee728b)  -> (artifact id: 'df2c469581f0f658efe3e59f014d41f0') in 0.084717 seconds 
========================================================================
Received Prepare
Registering precompiled user dll's ...
Registered in 0.114570 seconds.
Begin MonoManager ReloadAssembly
Symbol file LoadedFromMemory doesn't match image C:\Users\Thiago Leoncino\Desktop\Hit Box\Proyecto\Hit-Box\Library\PackageCache\com.unity.visualscripting@1.8.0\Editor\VisualScripting.Core\Dependencies\YamlDotNet\Unity.VisualScripting.YamlDotNet.dll
Symbol file LoadedFromMemory doesn't match image C:\Users\Thiago Leoncino\Desktop\Hit Box\Proyecto\Hit-Box\Library\PackageCache\com.unity.visualscripting@1.8.0\Editor\VisualScripting.Core\Dependencies\DotNetZip\Unity.VisualScripting.IonicZip.dll
Native extension for WindowsStandalone target not found
Refreshing native plugins compatible for Editor in 3.42 ms, found 3 plugins.
Preloading 0 native plugins for Editor in 0.00 ms.
Mono: successfully reloaded assembly
- Completed reload, in 19.559 seconds
Domain Reload Profiling:
	ReloadAssembly (19596ms)
		BeginReloadAssembly (5253ms)
			ExecutionOrderSort (0ms)
			DisableScriptedObjects (101ms)
			BackupInstance (0ms)
			ReleaseScriptingObjects (0ms)
			CreateAndSetChildDomain (1970ms)
		EndReloadAssembly (12608ms)
			LoadAssemblies (2908ms)
			RebuildTransferFunctionScriptingTraits (0ms)
			SetupTypeCache (4067ms)
			ReleaseScriptCaches (2ms)
			RebuildScriptCaches (1028ms)
			SetupLoadedEditorAssemblies (5702ms)
				LogAssemblyErrors (0ms)
				InitializePlatformSupportModulesInManaged (42ms)
				SetLoadedEditorAssemblies (12ms)
				RefreshPlugins (4ms)
				BeforeProcessingInitializeOnLoad (1587ms)
				ProcessInitializeOnLoadAttributes (3400ms)
				ProcessInitializeOnLoadMethodAttributes (208ms)
				AfterProcessingInitializeOnLoad (449ms)
				EditorAssembliesLoaded (0ms)
			ExecutionOrderSort2 (0ms)
			AwakeInstancesAfterBackupRestoration (85ms)
Platform modules already initialized, skipping
Refreshing native plugins compatible for Editor in 86.60 ms, found 3 plugins.
Preloading 0 native plugins for Editor in 0.00 ms.
Unloading 3692 Unused Serialized files (Serialized files now loaded: 0)
Unloading 29 unused Assets / (1.6 MB). Loaded Objects now: 4275.
Memory consumption went from 144.9 MB to 143.3 MB.
Total: 22.374200 ms (FindLiveObjects: 0.522600 ms CreateObjectMapping: 2.189500 ms MarkObjects: 18.842600 ms  DeleteObjects: 0.816900 ms)

AssetImportParameters requested are different than current active one (requested -> active):
  custom:video-decoder-ogg-theora: a1e56fd34408186e4bbccfd4996cb3dc -> 
  custom:container-muxer-webm: aa71ff27fc2769a1b78a27578f13a17b -> 
  custom:container-demuxer-webm: 4f35f7cbe854078d1ac9338744f61a02 -> 
  custom:video-encoder-webm-vp8: eb34c28f22e8b96e1ab97ce403110664 -> 
  custom:audio-encoder-webm-vorbis: bf7c407c2cedff20999df2af8eb42d56 -> 
  custom:framework-win-MediaFoundation: 216162199b28c13a410421893ffa2e32 -> 
  custom:container-demuxer-ogg: 62fdf1f143b41e24485cea50d1cbac27 -> 
  custom:video-decoder-webm-vp8: 9c59270c3fd7afecdb556c50c9e8de78 -> 
  custom:audio-decoder-ogg-vorbis: bf7c407c2cedff20999df2af8eb42d56 -> 
========================================================================
Received Import Request.
  Time since last request: 254.329998 seconds.
  path: Assets/Tiles/Base/Materials/AAA4.mat
  artifactKey: Guid(2ea79e383ac13d047a1e0cca822752f7) Importer(815301076,1909f56bfc062723c751e8b465ee728b)
Start importing Assets/Tiles/Base/Materials/AAA4.mat using Guid(2ea79e383ac13d047a1e0cca822752f7) Importer(815301076,1909f56bfc062723c751e8b465ee728b)  -> (artifact id: 'da578353d9cbce9ccfcd1b3acab5859e') in 3.158184 seconds 
========================================================================
Received Prepare
Registering precompiled user dll's ...
Registered in 0.059326 seconds.
Begin MonoManager ReloadAssembly
Symbol file LoadedFromMemory doesn't match image C:\Users\Thiago Leoncino\Desktop\Hit Box\Proyecto\Hit-Box\Library\PackageCache\com.unity.visualscripting@1.8.0\Editor\VisualScripting.Core\Dependencies\YamlDotNet\Unity.VisualScripting.YamlDotNet.dll
Symbol file LoadedFromMemory doesn't match image C:\Users\Thiago Leoncino\Desktop\Hit Box\Proyecto\Hit-Box\Library\PackageCache\com.unity.visualscripting@1.8.0\Editor\VisualScripting.Core\Dependencies\DotNetZip\Unity.VisualScripting.IonicZip.dll
Native extension for WindowsStandalone target not found
Refreshing native plugins compatible for Editor in 0.96 ms, found 3 plugins.
Preloading 0 native plugins for Editor in 0.00 ms.
Mono: successfully reloaded assembly
- Completed reload, in 10.276 seconds
Domain Reload Profiling:
	ReloadAssembly (10277ms)
		BeginReloadAssembly (1318ms)
			ExecutionOrderSort (0ms)
			DisableScriptedObjects (71ms)
			BackupInstance (0ms)
			ReleaseScriptingObjects (0ms)
			CreateAndSetChildDomain (279ms)
		EndReloadAssembly (7880ms)
			LoadAssemblies (889ms)
			RebuildTransferFunctionScriptingTraits (0ms)
			SetupTypeCache (3092ms)
			ReleaseScriptCaches (4ms)
			RebuildScriptCaches (472ms)
			SetupLoadedEditorAssemblies (3074ms)
				LogAssemblyErrors (0ms)
				InitializePlatformSupportModulesInManaged (94ms)
				SetLoadedEditorAssemblies (1ms)
				RefreshPlugins (1ms)
				BeforeProcessingInitializeOnLoad (927ms)
				ProcessInitializeOnLoadAttributes (1948ms)
				ProcessInitializeOnLoadMethodAttributes (60ms)
				AfterProcessingInitializeOnLoad (44ms)
				EditorAssembliesLoaded (0ms)
			ExecutionOrderSort2 (0ms)
			AwakeInstancesAfterBackupRestoration (21ms)
Platform modules already initialized, skipping
Refreshing native plugins compatible for Editor in 5.04 ms, found 3 plugins.
Preloading 0 native plugins for Editor in 0.00 ms.
Unloading 3692 Unused Serialized files (Serialized files now loaded: 0)
Unloading 29 unused Assets / (1.6 MB). Loaded Objects now: 4278.
Memory consumption went from 144.9 MB to 143.4 MB.
Total: 7.750800 ms (FindLiveObjects: 0.369400 ms CreateObjectMapping: 0.378500 ms MarkObjects: 6.450100 ms  DeleteObjects: 0.551100 ms)

AssetImportParameters requested are different than current active one (requested -> active):
  custom:video-decoder-ogg-theora: a1e56fd34408186e4bbccfd4996cb3dc -> 
  custom:container-muxer-webm: aa71ff27fc2769a1b78a27578f13a17b -> 
  custom:container-demuxer-webm: 4f35f7cbe854078d1ac9338744f61a02 -> 
  custom:video-encoder-webm-vp8: eb34c28f22e8b96e1ab97ce403110664 -> 
  custom:audio-encoder-webm-vorbis: bf7c407c2cedff20999df2af8eb42d56 -> 
  custom:framework-win-MediaFoundation: 216162199b28c13a410421893ffa2e32 -> 
  custom:container-demuxer-ogg: 62fdf1f143b41e24485cea50d1cbac27 -> 
  custom:video-decoder-webm-vp8: 9c59270c3fd7afecdb556c50c9e8de78 -> 
  custom:audio-decoder-ogg-vorbis: bf7c407c2cedff20999df2af8eb42d56 -> 
========================================================================
Received Import Request.
  Time since last request: 1041.234637 seconds.
  path: Assets/Personaje_0/Character_0.prefab
  artifactKey: Guid(b933d2076e2f5ac4f80dc97ac2654cfd) Importer(815301076,1909f56bfc062723c751e8b465ee728b)
Start importing Assets/Personaje_0/Character_0.prefab using Guid(b933d2076e2f5ac4f80dc97ac2654cfd) Importer(815301076,1909f56bfc062723c751e8b465ee728b)  -> (artifact id: 'b62d7c77680f124db9e6df55b55bb364') in 1.741698 seconds 
========================================================================
Received Import Request.
  Time since last request: 27.641444 seconds.
  path: ProjectSettings/TagManager.asset
  artifactKey: Guid(00000000000000003000000000000000) Importer(815301076,1909f56bfc062723c751e8b465ee728b)
Start importing ProjectSettings/TagManager.asset using Guid(00000000000000003000000000000000) Importer(815301076,1909f56bfc062723c751e8b465ee728b)  -> (artifact id: 'eff911a7b138d1f582a486dd0210e19d') in 0.019436 seconds 
========================================================================
Received Prepare
Registering precompiled user dll's ...
Registered in 0.056546 seconds.
Begin MonoManager ReloadAssembly
Symbol file LoadedFromMemory doesn't match image C:\Users\Thiago Leoncino\Desktop\Hit Box\Proyecto\Hit-Box\Library\PackageCache\com.unity.visualscripting@1.8.0\Editor\VisualScripting.Core\Dependencies\YamlDotNet\Unity.VisualScripting.YamlDotNet.dll
Symbol file LoadedFromMemory doesn't match image C:\Users\Thiago Leoncino\Desktop\Hit Box\Proyecto\Hit-Box\Library\PackageCache\com.unity.visualscripting@1.8.0\Editor\VisualScripting.Core\Dependencies\DotNetZip\Unity.VisualScripting.IonicZip.dll
Native extension for WindowsStandalone target not found
Refreshing native plugins compatible for Editor in 1.10 ms, found 3 plugins.
Preloading 0 native plugins for Editor in 0.00 ms.
Mono: successfully reloaded assembly
- Completed reload, in  4.663 seconds
Domain Reload Profiling:
	ReloadAssembly (4664ms)
		BeginReloadAssembly (1970ms)
			ExecutionOrderSort (0ms)
			DisableScriptedObjects (59ms)
			BackupInstance (0ms)
			ReleaseScriptingObjects (0ms)
			CreateAndSetChildDomain (232ms)
		EndReloadAssembly (2266ms)
			LoadAssemblies (1524ms)
			RebuildTransferFunctionScriptingTraits (0ms)
			SetupTypeCache (773ms)
			ReleaseScriptCaches (2ms)
			RebuildScriptCaches (94ms)
			SetupLoadedEditorAssemblies (750ms)
				LogAssemblyErrors (0ms)
				InitializePlatformSupportModulesInManaged (18ms)
				SetLoadedEditorAssemblies (1ms)
				RefreshPlugins (1ms)
				BeforeProcessingInitializeOnLoad (177ms)
				ProcessInitializeOnLoadAttributes (462ms)
				ProcessInitializeOnLoadMethodAttributes (53ms)
				AfterProcessingInitializeOnLoad (38ms)
				EditorAssembliesLoaded (0ms)
			ExecutionOrderSort2 (0ms)
			AwakeInstancesAfterBackupRestoration (20ms)
Platform modules already initialized, skipping
Refreshing native plugins compatible for Editor in 4.32 ms, found 3 plugins.
Preloading 0 native plugins for Editor in 0.00 ms.
Unloading 3692 Unused Serialized files (Serialized files now loaded: 0)
Unloading 30 unused Assets / (1.6 MB). Loaded Objects now: 4281.
Memory consumption went from 144.9 MB to 143.4 MB.
Total: 6.195400 ms (FindLiveObjects: 0.372400 ms CreateObjectMapping: 0.384100 ms MarkObjects: 4.724600 ms  DeleteObjects: 0.712900 ms)

AssetImportParameters requested are different than current active one (requested -> active):
  custom:video-decoder-ogg-theora: a1e56fd34408186e4bbccfd4996cb3dc -> 
  custom:container-muxer-webm: aa71ff27fc2769a1b78a27578f13a17b -> 
  custom:container-demuxer-webm: 4f35f7cbe854078d1ac9338744f61a02 -> 
  custom:video-encoder-webm-vp8: eb34c28f22e8b96e1ab97ce403110664 -> 
  custom:audio-encoder-webm-vorbis: bf7c407c2cedff20999df2af8eb42d56 -> 
  custom:framework-win-MediaFoundation: 216162199b28c13a410421893ffa2e32 -> 
  custom:container-demuxer-ogg: 62fdf1f143b41e24485cea50d1cbac27 -> 
  custom:video-decoder-webm-vp8: 9c59270c3fd7afecdb556c50c9e8de78 -> 
  custom:audio-decoder-ogg-vorbis: bf7c407c2cedff20999df2af8eb42d56 -> 
========================================================================
Received Import Request.
  Time since last request: 480.229826 seconds.
  path: Assets/Visual/SpritesShadow.shader
  artifactKey: Guid(7607009af310f2946a551c72f90014dd) Importer(815301076,1909f56bfc062723c751e8b465ee728b)
Start importing Assets/Visual/SpritesShadow.shader using Guid(7607009af310f2946a551c72f90014dd) Importer(815301076,1909f56bfc062723c751e8b465ee728b)  -> (artifact id: '3b192ba4d2400a60fdc975c3bbe1f996') in 0.082735 seconds 
========================================================================
Received Import Request.
  Time since last request: 4514.022631 seconds.
  path: Assets/Visual/SpritesShadow.shader
  artifactKey: Guid(7607009af310f2946a551c72f90014dd) Importer(815301076,1909f56bfc062723c751e8b465ee728b)
Start importing Assets/Visual/SpritesShadow.shader using Guid(7607009af310f2946a551c72f90014dd) Importer(815301076,1909f56bfc062723c751e8b465ee728b)  -> (artifact id: '14d33ffff73964ae1cd983c1f5a11711') in 0.067986 seconds 
========================================================================
Received Prepare
Registering precompiled user dll's ...
Registered in 0.024968 seconds.
Begin MonoManager ReloadAssembly
Symbol file LoadedFromMemory doesn't match image C:\Users\Thiago Leoncino\Desktop\Hit Box\Proyecto\Hit-Box\Library\PackageCache\com.unity.visualscripting@1.8.0\Editor\VisualScripting.Core\Dependencies\YamlDotNet\Unity.VisualScripting.YamlDotNet.dll
Symbol file LoadedFromMemory doesn't match image C:\Users\Thiago Leoncino\Desktop\Hit Box\Proyecto\Hit-Box\Library\PackageCache\com.unity.visualscripting@1.8.0\Editor\VisualScripting.Core\Dependencies\DotNetZip\Unity.VisualScripting.IonicZip.dll
Native extension for WindowsStandalone target not found
Refreshing native plugins compatible for Editor in 0.88 ms, found 3 plugins.
Preloading 0 native plugins for Editor in 0.00 ms.
Mono: successfully reloaded assembly
- Completed reload, in  7.063 seconds
Domain Reload Profiling:
	ReloadAssembly (7064ms)
		BeginReloadAssembly (1531ms)
			ExecutionOrderSort (0ms)
			DisableScriptedObjects (36ms)
			BackupInstance (0ms)
			ReleaseScriptingObjects (0ms)
			CreateAndSetChildDomain (980ms)
		EndReloadAssembly (5217ms)
			LoadAssemblies (427ms)
			RebuildTransferFunctionScriptingTraits (0ms)
			SetupTypeCache (2295ms)
			ReleaseScriptCaches (2ms)
			RebuildScriptCaches (90ms)
			SetupLoadedEditorAssemblies (2498ms)
				LogAssemblyErrors (0ms)
				InitializePlatformSupportModulesInManaged (17ms)
				SetLoadedEditorAssemblies (2ms)
				RefreshPlugins (1ms)
				BeforeProcessingInitializeOnLoad (211ms)
				ProcessInitializeOnLoadAttributes (2145ms)
				ProcessInitializeOnLoadMethodAttributes (86ms)
				AfterProcessingInitializeOnLoad (35ms)
				EditorAssembliesLoaded (0ms)
			ExecutionOrderSort2 (0ms)
			AwakeInstancesAfterBackupRestoration (17ms)
Platform modules already initialized, skipping
Refreshing native plugins compatible for Editor in 3.94 ms, found 3 plugins.
Preloading 0 native plugins for Editor in 0.00 ms.
Unloading 3692 Unused Serialized files (Serialized files now loaded: 0)
Unloading 29 unused Assets / (1.3 MB). Loaded Objects now: 4284.
Memory consumption went from 144.7 MB to 143.4 MB.
Total: 6.442900 ms (FindLiveObjects: 0.364200 ms CreateObjectMapping: 0.483300 ms MarkObjects: 5.096000 ms  DeleteObjects: 0.497900 ms)

AssetImportParameters requested are different than current active one (requested -> active):
  custom:video-decoder-ogg-theora: a1e56fd34408186e4bbccfd4996cb3dc -> 
  custom:container-muxer-webm: aa71ff27fc2769a1b78a27578f13a17b -> 
  custom:container-demuxer-webm: 4f35f7cbe854078d1ac9338744f61a02 -> 
  custom:video-encoder-webm-vp8: eb34c28f22e8b96e1ab97ce403110664 -> 
  custom:audio-encoder-webm-vorbis: bf7c407c2cedff20999df2af8eb42d56 -> 
  custom:framework-win-MediaFoundation: 216162199b28c13a410421893ffa2e32 -> 
  custom:container-demuxer-ogg: 62fdf1f143b41e24485cea50d1cbac27 -> 
  custom:video-decoder-webm-vp8: 9c59270c3fd7afecdb556c50c9e8de78 -> 
  custom:audio-decoder-ogg-vorbis: bf7c407c2cedff20999df2af8eb42d56 -> 
========================================================================
Received Import Request.
  Time since last request: 74.915532 seconds.
  path: Assets/Fondo/Sprites/A1.png
  artifactKey: Guid(8bd891487e1bb554aae3e0804a7bdd02) Importer(815301076,1909f56bfc062723c751e8b465ee728b)
Start importing Assets/Fondo/Sprites/A1.png using Guid(8bd891487e1bb554aae3e0804a7bdd02) Importer(815301076,1909f56bfc062723c751e8b465ee728b)  -> (artifact id: '31a6710c9ac09b48ff1b356837d1f05f') in 1.563373 seconds 
========================================================================
Received Import Request.
  Time since last request: 0.000046 seconds.
  path: Assets/Fondo/Sprites/Mar4.png
  artifactKey: Guid(ef291407e02e13a4280e6824a9338da4) Importer(815301076,1909f56bfc062723c751e8b465ee728b)
Start importing Assets/Fondo/Sprites/Mar4.png using Guid(ef291407e02e13a4280e6824a9338da4) Importer(815301076,1909f56bfc062723c751e8b465ee728b)  -> (artifact id: '44fde418ef66c126460d18e4a4f5e8f6') in 0.103560 seconds 
========================================================================
Received Import Request.
  Time since last request: 0.000797 seconds.
  path: Assets/Fondo/Shader/Shader_1.shader
  artifactKey: Guid(66461b380b585fe4e9fffb8d666c88a4) Importer(815301076,1909f56bfc062723c751e8b465ee728b)
Start importing Assets/Fondo/Shader/Shader_1.shader using Guid(66461b380b585fe4e9fffb8d666c88a4) Importer(815301076,1909f56bfc062723c751e8b465ee728b)  -> (artifact id: 'e0af9bf06499fe58a7e1153f439ea2ea') in 0.012698 seconds 
========================================================================
Received Import Request.
  Time since last request: 0.000508 seconds.
  path: Assets/Fondo/Sprites/Mar1.png
  artifactKey: Guid(d17eba17921bad2408e5d813777d3c5f) Importer(815301076,1909f56bfc062723c751e8b465ee728b)
Start importing Assets/Fondo/Sprites/Mar1.png using Guid(d17eba17921bad2408e5d813777d3c5f) Importer(815301076,1909f56bfc062723c751e8b465ee728b)  -> (artifact id: '19c258cd7e35170977ac72c9daf8e2b2') in 0.116436 seconds 
========================================================================
Received Import Request.
  Time since last request: 0.000867 seconds.
  path: Assets/Fondo/Sprites/A3.png
  artifactKey: Guid(e315ec7fc82c5b940a6c79739f2b289f) Importer(815301076,1909f56bfc062723c751e8b465ee728b)
Start importing Assets/Fondo/Sprites/A3.png using Guid(e315ec7fc82c5b940a6c79739f2b289f) Importer(815301076,1909f56bfc062723c751e8b465ee728b)  -> (artifact id: '710d92146b372a5e0c304d4b5f12dec2') in 0.134297 seconds 
========================================================================
Received Import Request.
  Time since last request: 0.000495 seconds.
  path: Assets/Fondo/Sprites/Mar3.png
  artifactKey: Guid(671b8ee9b0a437d4d9e7df7f18abe390) Importer(815301076,1909f56bfc062723c751e8b465ee728b)
Start importing Assets/Fondo/Sprites/Mar3.png using Guid(671b8ee9b0a437d4d9e7df7f18abe390) Importer(815301076,1909f56bfc062723c751e8b465ee728b)  -> (artifact id: 'd0ed626b0f5d22bd083ba89ce38e4f4e') in 0.102842 seconds 
========================================================================
Received Import Request.
  Time since last request: 0.001017 seconds.
  path: Assets/Fondo/Sprites/Mar2.png
  artifactKey: Guid(ec228f6616abd7546a58b057c3611954) Importer(815301076,1909f56bfc062723c751e8b465ee728b)
Start importing Assets/Fondo/Sprites/Mar2.png using Guid(ec228f6616abd7546a58b057c3611954) Importer(815301076,1909f56bfc062723c751e8b465ee728b)  -> (artifact id: '0aca01959d3af4d2420a505efda4ef95') in 0.143235 seconds 
========================================================================
Received Import Request.
  Time since last request: 25.285614 seconds.
  path: Assets/Personaje_0/Character_0.prefab
  artifactKey: Guid(b933d2076e2f5ac4f80dc97ac2654cfd) Importer(815301076,1909f56bfc062723c751e8b465ee728b)
Start importing Assets/Personaje_0/Character_0.prefab using Guid(b933d2076e2f5ac4f80dc97ac2654cfd) Importer(815301076,1909f56bfc062723c751e8b465ee728b)  -> (artifact id: 'a0f01d32e93f075acc78b44c35560530') in 0.437168 seconds 
========================================================================
Received Import Request.
  Time since last request: 234.349119 seconds.
  path: Assets/Fondo/Shader/Shader_Material.mat
  artifactKey: Guid(966f3d5ee4044334ab7967c9fabea7f2) Importer(815301076,1909f56bfc062723c751e8b465ee728b)
Start importing Assets/Fondo/Shader/Shader_Material.mat using Guid(966f3d5ee4044334ab7967c9fabea7f2) Importer(815301076,1909f56bfc062723c751e8b465ee728b)  -> (artifact id: '591e9405009bf785a2f36b657aded730') in 0.082811 seconds 
========================================================================
Received Import Request.
  Time since last request: 0.000638 seconds.
  path: Assets/Fondo/Shader/Shader_1.shader
  artifactKey: Guid(66461b380b585fe4e9fffb8d666c88a4) Importer(815301076,1909f56bfc062723c751e8b465ee728b)
Start importing Assets/Fondo/Shader/Shader_1.shader using Guid(66461b380b585fe4e9fffb8d666c88a4) Importer(815301076,1909f56bfc062723c751e8b465ee728b)  -> (artifact id: '0e2a3710db6d350693afd7720b1fe317') in 0.015673 seconds 
========================================================================
Received Import Request.
  Time since last request: 56.658817 seconds.
  path: Assets/Fondo/Shader/Shader_Material.mat
  artifactKey: Guid(966f3d5ee4044334ab7967c9fabea7f2) Importer(815301076,1909f56bfc062723c751e8b465ee728b)
Start importing Assets/Fondo/Shader/Shader_Material.mat using Guid(966f3d5ee4044334ab7967c9fabea7f2) Importer(815301076,1909f56bfc062723c751e8b465ee728b)  -> (artifact id: '3f97bae41b6fcda55920975640241f5e') in 0.085705 seconds 
========================================================================
Received Import Request.
  Time since last request: 0.017505 seconds.
  path: Assets/Fondo/Shader/Shader_1.shader
  artifactKey: Guid(66461b380b585fe4e9fffb8d666c88a4) Importer(815301076,1909f56bfc062723c751e8b465ee728b)
Start importing Assets/Fondo/Shader/Shader_1.shader using Guid(66461b380b585fe4e9fffb8d666c88a4) Importer(815301076,1909f56bfc062723c751e8b465ee728b)  -> (artifact id: '26792ca36b699d32e8aa59658eae91ac') in 0.163728 seconds 
========================================================================
Received Import Request.
  Time since last request: 63.225075 seconds.
  path: Assets/Fondo/Shader/Shader_Material.mat
  artifactKey: Guid(966f3d5ee4044334ab7967c9fabea7f2) Importer(815301076,1909f56bfc062723c751e8b465ee728b)
Start importing Assets/Fondo/Shader/Shader_Material.mat using Guid(966f3d5ee4044334ab7967c9fabea7f2) Importer(815301076,1909f56bfc062723c751e8b465ee728b)  -> (artifact id: 'ad389084ca3788728aefee50a11d7fa9') in 0.983935 seconds 
========================================================================
Received Import Request.
  Time since last request: 0.001812 seconds.
  path: Assets/Fondo/Shader/Shader_1.shader
  artifactKey: Guid(66461b380b585fe4e9fffb8d666c88a4) Importer(815301076,1909f56bfc062723c751e8b465ee728b)
Start importing Assets/Fondo/Shader/Shader_1.shader using Guid(66461b380b585fe4e9fffb8d666c88a4) Importer(815301076,1909f56bfc062723c751e8b465ee728b)  -> (artifact id: '16d367b2be57874f1f7b6b071f5e29f2') in 0.072503 seconds 
========================================================================
Received Import Request.
  Time since last request: 28.580268 seconds.
  path: Assets/Fondo/Shader/Shader_Material.mat
  artifactKey: Guid(966f3d5ee4044334ab7967c9fabea7f2) Importer(815301076,1909f56bfc062723c751e8b465ee728b)
Start importing Assets/Fondo/Shader/Shader_Material.mat using Guid(966f3d5ee4044334ab7967c9fabea7f2) Importer(815301076,1909f56bfc062723c751e8b465ee728b)  -> (artifact id: '9a4e1f86e848e539cde0edd6ab06d27d') in 0.113388 seconds 
========================================================================
Received Import Request.
  Time since last request: 0.065304 seconds.
  path: Assets/Fondo/Shader/Shader_1.shader
  artifactKey: Guid(66461b380b585fe4e9fffb8d666c88a4) Importer(815301076,1909f56bfc062723c751e8b465ee728b)
Start importing Assets/Fondo/Shader/Shader_1.shader using Guid(66461b380b585fe4e9fffb8d666c88a4) Importer(815301076,1909f56bfc062723c751e8b465ee728b)  -> (artifact id: '9d6b19624fb048539f428fbee09a6454') in 0.015042 seconds 
========================================================================
Received Import Request.
  Time since last request: 49.732365 seconds.
  path: Assets/Fondo/Shader/Shader_Material.mat
  artifactKey: Guid(966f3d5ee4044334ab7967c9fabea7f2) Importer(815301076,1909f56bfc062723c751e8b465ee728b)
Start importing Assets/Fondo/Shader/Shader_Material.mat using Guid(966f3d5ee4044334ab7967c9fabea7f2) Importer(815301076,1909f56bfc062723c751e8b465ee728b)  -> (artifact id: 'c00db0478741ea8d29238c692b38243a') in 0.251265 seconds 
========================================================================
Received Import Request.
  Time since last request: 0.000646 seconds.
  path: Assets/Fondo/Shader/Shader_1.shader
  artifactKey: Guid(66461b380b585fe4e9fffb8d666c88a4) Importer(815301076,1909f56bfc062723c751e8b465ee728b)
Start importing Assets/Fondo/Shader/Shader_1.shader using Guid(66461b380b585fe4e9fffb8d666c88a4) Importer(815301076,1909f56bfc062723c751e8b465ee728b)  -> (artifact id: 'cc8691a24ef3eae46e1ab6bade2b446e') in 0.197403 seconds 
========================================================================
Received Import Request.
  Time since last request: 76.132050 seconds.
  path: Assets/Fondo/Shader/Shader_Material.mat
  artifactKey: Guid(966f3d5ee4044334ab7967c9fabea7f2) Importer(815301076,1909f56bfc062723c751e8b465ee728b)
Start importing Assets/Fondo/Shader/Shader_Material.mat using Guid(966f3d5ee4044334ab7967c9fabea7f2) Importer(815301076,1909f56bfc062723c751e8b465ee728b)  -> (artifact id: '322294e1d70be33ba330d55471dc8401') in 1.076025 seconds 
========================================================================
Received Import Request.
  Time since last request: 65.564498 seconds.
  path: Assets/Fondo/Shader/Shader_Material.mat
  artifactKey: Guid(966f3d5ee4044334ab7967c9fabea7f2) Importer(815301076,1909f56bfc062723c751e8b465ee728b)
Start importing Assets/Fondo/Shader/Shader_Material.mat using Guid(966f3d5ee4044334ab7967c9fabea7f2) Importer(815301076,1909f56bfc062723c751e8b465ee728b)  -> (artifact id: '300cb0449bb6e11e4595242214bec639') in 0.114004 seconds 
========================================================================
Received Import Request.
  Time since last request: 33.404332 seconds.
  path: Assets/Fondo/Shader/Shader_Material.mat
  artifactKey: Guid(966f3d5ee4044334ab7967c9fabea7f2) Importer(815301076,1909f56bfc062723c751e8b465ee728b)
Start importing Assets/Fondo/Shader/Shader_Material.mat using Guid(966f3d5ee4044334ab7967c9fabea7f2) Importer(815301076,1909f56bfc062723c751e8b465ee728b)  -> (artifact id: 'c18a108eff07bdab625a6d58d8f06695') in 0.348341 seconds 
========================================================================
Received Import Request.
  Time since last request: 27.873025 seconds.
  path: Assets/Fondo/Shader/Shader_Material.mat
  artifactKey: Guid(966f3d5ee4044334ab7967c9fabea7f2) Importer(815301076,1909f56bfc062723c751e8b465ee728b)
Start importing Assets/Fondo/Shader/Shader_Material.mat using Guid(966f3d5ee4044334ab7967c9fabea7f2) Importer(815301076,1909f56bfc062723c751e8b465ee728b)  -> (artifact id: '6cc00754d7a995fffaedd16ddc24288c') in 0.105535 seconds 
========================================================================
Received Import Request.
  Time since last request: 13.775445 seconds.
  path: Assets/Fondo/Shader/Shader_Material.mat
  artifactKey: Guid(966f3d5ee4044334ab7967c9fabea7f2) Importer(815301076,1909f56bfc062723c751e8b465ee728b)
Start importing Assets/Fondo/Shader/Shader_Material.mat using Guid(966f3d5ee4044334ab7967c9fabea7f2) Importer(815301076,1909f56bfc062723c751e8b465ee728b)  -> (artifact id: '09e09fe13d292d8520c0ada2f7011e62') in 0.056293 seconds 
========================================================================
Received Import Request.
  Time since last request: 467.883244 seconds.
  path: Assets/Fondo/Shader/Shader_Material.mat
  artifactKey: Guid(966f3d5ee4044334ab7967c9fabea7f2) Importer(815301076,1909f56bfc062723c751e8b465ee728b)
Start importing Assets/Fondo/Shader/Shader_Material.mat using Guid(966f3d5ee4044334ab7967c9fabea7f2) Importer(815301076,1909f56bfc062723c751e8b465ee728b)  -> (artifact id: '7faba59015bf5cbdc4075dff359b0669') in 0.483364 seconds 
========================================================================
Received Import Request.
  Time since last request: 60.736367 seconds.
  path: Assets/Fondo/Shader/Shader_Material.mat
  artifactKey: Guid(966f3d5ee4044334ab7967c9fabea7f2) Importer(815301076,1909f56bfc062723c751e8b465ee728b)
Start importing Assets/Fondo/Shader/Shader_Material.mat using Guid(966f3d5ee4044334ab7967c9fabea7f2) Importer(815301076,1909f56bfc062723c751e8b465ee728b)  -> (artifact id: '5f2759f7576eb834038bdbef206d04a4') in 0.702294 seconds 
========================================================================
Received Import Request.
  Time since last request: 71.578445 seconds.
  path: Assets/Fondo/Shader/Shader_Material.mat
  artifactKey: Guid(966f3d5ee4044334ab7967c9fabea7f2) Importer(815301076,1909f56bfc062723c751e8b465ee728b)
Start importing Assets/Fondo/Shader/Shader_Material.mat using Guid(966f3d5ee4044334ab7967c9fabea7f2) Importer(815301076,1909f56bfc062723c751e8b465ee728b)  -> (artifact id: '33fb982a742909c454e8ce48ccea4d11') in 2.282481 seconds 
========================================================================
Received Import Request.
  Time since last request: 308.121236 seconds.
  path: Assets/Fondo/Shader/Shader_Material.mat
  artifactKey: Guid(966f3d5ee4044334ab7967c9fabea7f2) Importer(815301076,1909f56bfc062723c751e8b465ee728b)
Start importing Assets/Fondo/Shader/Shader_Material.mat using Guid(966f3d5ee4044334ab7967c9fabea7f2) Importer(815301076,1909f56bfc062723c751e8b465ee728b)  -> (artifact id: '8997685b69f27152f6e12b51374e409b') in 1.592552 seconds 
========================================================================
Received Import Request.
  Time since last request: 60.277414 seconds.
  path: Assets/Fondo/Shader/Shader_Material.mat
  artifactKey: Guid(966f3d5ee4044334ab7967c9fabea7f2) Importer(815301076,1909f56bfc062723c751e8b465ee728b)
Start importing Assets/Fondo/Shader/Shader_Material.mat using Guid(966f3d5ee4044334ab7967c9fabea7f2) Importer(815301076,1909f56bfc062723c751e8b465ee728b)  -> (artifact id: '2d6b3e71adb0d6fc7385938864848141') in 2.197987 seconds 
========================================================================
Received Import Request.
  Time since last request: 98.419058 seconds.
  path: Assets/Fondo/Shader/Shader_1.shader
  artifactKey: Guid(66461b380b585fe4e9fffb8d666c88a4) Importer(815301076,1909f56bfc062723c751e8b465ee728b)
Start importing Assets/Fondo/Shader/Shader_1.shader using Guid(66461b380b585fe4e9fffb8d666c88a4) Importer(815301076,1909f56bfc062723c751e8b465ee728b)  -> (artifact id: '3dea444ed564826c3dda7b8d118744fa') in 0.015577 seconds 
========================================================================
Received Import Request.
  Time since last request: 735.293983 seconds.
  path: Assets/Fondo/Shader/Shader_Material.mat
  artifactKey: Guid(966f3d5ee4044334ab7967c9fabea7f2) Importer(815301076,1909f56bfc062723c751e8b465ee728b)
Start importing Assets/Fondo/Shader/Shader_Material.mat using Guid(966f3d5ee4044334ab7967c9fabea7f2) Importer(815301076,1909f56bfc062723c751e8b465ee728b)  -> (artifact id: 'bba03776f014d970b2033603922c5115') in 0.064795 seconds 
