Using pre-set license
Built from '2021.3/staging' branch; Version is '2021.3.26f1 (a16dc32e0ff2) revision 10579395'; Using compiler version '192829333'; Build Type 'Release'
OS: 'Windows 10  (10.0.19045) 64bit Professional' Language: 'es' Physical Memory: 16344 MB
BatchMode: 1, IsHumanControllingUs: 0, StartBugReporterOnCrash: 0, Is64bit: 1, IsPro: 1

COMMAND LINE ARGUMENTS:
C:\Program Files\Unity\Hub\Editor\2021.3.26f1\Editor\Unity.exe
-adb2
-batchMode
-noUpm
-name
AssetImportWorker0
-projectPath
C:/Users/Thiago Leoncino/Desktop/Hit Box/Proyecto/HB3D
-logFile
Logs/AssetImportWorker0.log
-srvPort
61821
Successfully changed project path to: C:/Users/Thiago Leoncino/Desktop/Hit Box/Proyecto/HB3D
C:/Users/Thiago Leoncino/Desktop/Hit Box/Proyecto/HB3D
[UnityMemory] Configuration Parameters - Can be set up in boot.config
    "memorysetup-bucket-allocator-granularity=16"
    "memorysetup-bucket-allocator-bucket-count=8"
    "memorysetup-bucket-allocator-block-size=33554432"
    "memorysetup-bucket-allocator-block-count=8"
    "memorysetup-main-allocator-block-size=16777216"
    "memorysetup-thread-allocator-block-size=16777216"
    "memorysetup-gfx-main-allocator-block-size=16777216"
    "memorysetup-gfx-thread-allocator-block-size=16777216"
    "memorysetup-cache-allocator-block-size=4194304"
    "memorysetup-typetree-allocator-block-size=2097152"
    "memorysetup-profiler-bucket-allocator-granularity=16"
    "memorysetup-profiler-bucket-allocator-bucket-count=8"
    "memorysetup-profiler-bucket-allocator-block-size=33554432"
    "memorysetup-profiler-bucket-allocator-block-count=8"
    "memorysetup-profiler-allocator-block-size=16777216"
    "memorysetup-profiler-editor-allocator-block-size=1048576"
    "memorysetup-temp-allocator-size-main=16777216"
    "memorysetup-job-temp-allocator-block-size=2097152"
    "memorysetup-job-temp-allocator-block-size-background=1048576"
    "memorysetup-job-temp-allocator-reduction-small-platforms=262144"
    "memorysetup-temp-allocator-size-background-worker=32768"
    "memorysetup-temp-allocator-size-job-worker=262144"
    "memorysetup-temp-allocator-size-preload-manager=33554432"
    "memorysetup-temp-allocator-size-nav-mesh-worker=65536"
    "memorysetup-temp-allocator-size-audio-worker=65536"
    "memorysetup-temp-allocator-size-cloud-worker=32768"
    "memorysetup-temp-allocator-size-gi-baking-worker=262144"
    "memorysetup-temp-allocator-size-gfx=262144"
Player connection [12576] Host "[IP] 192.168.1.10 [Port] 0 [Flags] 2 [Guid] 3839535691 [EditorId] 3839535691 [Version] 1048832 [Id] WindowsEditor(7,DESKTOP-9PDU3HF) [Debug] 1 [PackageName] WindowsEditor [ProjectName] Editor" joined multi-casting on [225.0.0.222:54997]...

Player connection [12576] Host "[IP] 192.168.1.10 [Port] 0 [Flags] 2 [Guid] 3839535691 [EditorId] 3839535691 [Version] 1048832 [Id] WindowsEditor(7,DESKTOP-9PDU3HF) [Debug] 1 [PackageName] WindowsEditor [ProjectName] Editor" joined alternative multi-casting on [225.0.0.222:34997]...

Refreshing native plugins compatible for Editor in 148.36 ms, found 3 plugins.
Preloading 0 native plugins for Editor in 0.00 ms.
Initialize engine version: 2021.3.26f1 (a16dc32e0ff2)
[Subsystems] Discovering subsystems at path C:/Program Files/Unity/Hub/Editor/2021.3.26f1/Editor/Data/Resources/UnitySubsystems
[Subsystems] Discovering subsystems at path C:/Users/Thiago Leoncino/Desktop/Hit Box/Proyecto/HB3D/Assets
GfxDevice: creating device client; threaded=0; jobified=0
Direct3D:
    Version:  Direct3D 11.0 [level 11.0]
    Renderer: NVIDIA GeForce GT 730 (ID=0x1287)
    Vendor:   NVIDIA
    VRAM:     2007 MB
    Driver:   30.0.14.7430
Initialize mono
Mono path[0] = 'C:/Program Files/Unity/Hub/Editor/2021.3.26f1/Editor/Data/Managed'
Mono path[1] = 'C:/Program Files/Unity/Hub/Editor/2021.3.26f1/Editor/Data/MonoBleedingEdge/lib/mono/unityjit-win32'
Mono config path = 'C:/Program Files/Unity/Hub/Editor/2021.3.26f1/Editor/Data/MonoBleedingEdge/etc'
Using monoOptions --debugger-agent=transport=dt_socket,embedding=1,server=y,suspend=n,address=127.0.0.1:56272
Begin MonoManager ReloadAssembly
Registering precompiled unity dll's ...
Register platform support module: C:/Program Files/Unity/Hub/Editor/2021.3.26f1/Editor/Data/PlaybackEngines/WindowsStandaloneSupport/UnityEditor.WindowsStandalone.Extensions.dll
Registered in 0.034355 seconds.
Native extension for WindowsStandalone target not found
Refreshing native plugins compatible for Editor in 149.78 ms, found 3 plugins.
Preloading 0 native plugins for Editor in 0.00 ms.
Mono: successfully reloaded assembly
- Completed reload, in  1.548 seconds
Domain Reload Profiling:
	ReloadAssembly (1550ms)
		BeginReloadAssembly (219ms)
			ExecutionOrderSort (0ms)
			DisableScriptedObjects (0ms)
			BackupInstance (0ms)
			ReleaseScriptingObjects (0ms)
			CreateAndSetChildDomain (1ms)
		EndReloadAssembly (1055ms)
			LoadAssemblies (210ms)
			RebuildTransferFunctionScriptingTraits (0ms)
			SetupTypeCache (256ms)
			ReleaseScriptCaches (0ms)
			RebuildScriptCaches (52ms)
			SetupLoadedEditorAssemblies (610ms)
				LogAssemblyErrors (0ms)
				InitializePlatformSupportModulesInManaged (48ms)
				SetLoadedEditorAssemblies (0ms)
				RefreshPlugins (150ms)
				BeforeProcessingInitializeOnLoad (2ms)
				ProcessInitializeOnLoadAttributes (304ms)
				ProcessInitializeOnLoadMethodAttributes (106ms)
				AfterProcessingInitializeOnLoad (0ms)
				EditorAssembliesLoaded (0ms)
			ExecutionOrderSort2 (0ms)
			AwakeInstancesAfterBackupRestoration (0ms)
Platform modules already initialized, skipping
Registering precompiled user dll's ...
Registered in 0.018375 seconds.
Begin MonoManager ReloadAssembly
Symbol file LoadedFromMemory doesn't match image C:\Users\Thiago Leoncino\Desktop\Hit Box\Proyecto\HB3D\Library\PackageCache\com.unity.visualscripting@1.8.0\Editor\VisualScripting.Core\Dependencies\YamlDotNet\Unity.VisualScripting.YamlDotNet.dll
Symbol file LoadedFromMemory doesn't match image C:\Users\Thiago Leoncino\Desktop\Hit Box\Proyecto\HB3D\Library\PackageCache\com.unity.visualscripting@1.8.0\Editor\VisualScripting.Core\Dependencies\DotNetZip\Unity.VisualScripting.IonicZip.dll
Native extension for WindowsStandalone target not found
Refreshing native plugins compatible for Editor in 0.70 ms, found 3 plugins.
Preloading 0 native plugins for Editor in 0.00 ms.
Mono: successfully reloaded assembly
- Completed reload, in  2.722 seconds
Domain Reload Profiling:
	ReloadAssembly (2723ms)
		BeginReloadAssembly (295ms)
			ExecutionOrderSort (0ms)
			DisableScriptedObjects (12ms)
			BackupInstance (0ms)
			ReleaseScriptingObjects (0ms)
			CreateAndSetChildDomain (31ms)
		EndReloadAssembly (2186ms)
			LoadAssemblies (250ms)
			RebuildTransferFunctionScriptingTraits (0ms)
			SetupTypeCache (579ms)
			ReleaseScriptCaches (1ms)
			RebuildScriptCaches (141ms)
			SetupLoadedEditorAssemblies (1151ms)
				LogAssemblyErrors (0ms)
				InitializePlatformSupportModulesInManaged (124ms)
				SetLoadedEditorAssemblies (1ms)
				RefreshPlugins (1ms)
				BeforeProcessingInitializeOnLoad (295ms)
				ProcessInitializeOnLoadAttributes (640ms)
				ProcessInitializeOnLoadMethodAttributes (58ms)
				AfterProcessingInitializeOnLoad (32ms)
				EditorAssembliesLoaded (0ms)
			ExecutionOrderSort2 (0ms)
			AwakeInstancesAfterBackupRestoration (15ms)
Platform modules already initialized, skipping
========================================================================
Worker process is ready to serve import requests
Launched and connected shader compiler UnityShaderCompiler.exe after 0.10 seconds
Refreshing native plugins compatible for Editor in 0.84 ms, found 3 plugins.
Preloading 0 native plugins for Editor in 0.00 ms.
Unloading 3302 Unused Serialized files (Serialized files now loaded: 0)
Unloading 38 unused Assets / (1.3 MB). Loaded Objects now: 3768.
Memory consumption went from 125.1 MB to 123.8 MB.
Total: 9.460000 ms (FindLiveObjects: 4.317800 ms CreateObjectMapping: 0.400200 ms MarkObjects: 4.408900 ms  DeleteObjects: 0.331200 ms)

AssetImportParameters requested are different than current active one (requested -> active):
  custom:video-decoder-ogg-theora: a1e56fd34408186e4bbccfd4996cb3dc -> 
  custom:container-muxer-webm: aa71ff27fc2769a1b78a27578f13a17b -> 
  custom:container-demuxer-webm: 4f35f7cbe854078d1ac9338744f61a02 -> 
  custom:video-encoder-webm-vp8: eb34c28f22e8b96e1ab97ce403110664 -> 
  custom:audio-encoder-webm-vorbis: bf7c407c2cedff20999df2af8eb42d56 -> 
  custom:framework-win-MediaFoundation: 216162199b28c13a410421893ffa2e32 -> 
  custom:container-demuxer-ogg: 62fdf1f143b41e24485cea50d1cbac27 -> 
  custom:video-decoder-webm-vp8: 9c59270c3fd7afecdb556c50c9e8de78 -> 
  custom:audio-decoder-ogg-vorbis: bf7c407c2cedff20999df2af8eb42d56 -> 
========================================================================
Received Import Request.
  Time since last request: 207662.862714 seconds.
  path: Assets/Personaje_0/Scripts/Scr_04_PJ0_Accion_Manager.cs
  artifactKey: Guid(555edd94b1b148b4abae2582efaef636) Importer(815301076,1909f56bfc062723c751e8b465ee728b)
Start importing Assets/Personaje_0/Scripts/Scr_04_PJ0_Accion_Manager.cs using Guid(555edd94b1b148b4abae2582efaef636) Importer(815301076,1909f56bfc062723c751e8b465ee728b)  -> (artifact id: '1dfa6468d7ce241766ac52e2edcf4388') in 0.112691 seconds 
========================================================================
Received Import Request.
  Time since last request: 0.000037 seconds.
  path: Assets/Personaje_0/Scripts/Scr_07_PJ0_Hitbox.cs
  artifactKey: Guid(c281437606eb43a43af2aab2937ced9d) Importer(815301076,1909f56bfc062723c751e8b465ee728b)
Start importing Assets/Personaje_0/Scripts/Scr_07_PJ0_Hitbox.cs using Guid(c281437606eb43a43af2aab2937ced9d) Importer(815301076,1909f56bfc062723c751e8b465ee728b)  -> (artifact id: '28194c58c777f3395bcbe6ce20c6c3d8') in 0.009300 seconds 
========================================================================
Received Import Request.
  Time since last request: 0.000036 seconds.
  path: Assets/Personaje_0/Scripts/Scr_05_PJ0_Anim_Manager.cs
  artifactKey: Guid(880464684d033054388dae1e6d8ae95d) Importer(815301076,1909f56bfc062723c751e8b465ee728b)
Start importing Assets/Personaje_0/Scripts/Scr_05_PJ0_Anim_Manager.cs using Guid(880464684d033054388dae1e6d8ae95d) Importer(815301076,1909f56bfc062723c751e8b465ee728b)  -> (artifact id: '63b10fb06f3ef03491474674b4b2d567') in 0.009962 seconds 
========================================================================
Received Import Request.
  Time since last request: 0.000371 seconds.
  path: Assets/Personaje_0/Scripts/Scr_09_PJ0_Hurtbox.cs
  artifactKey: Guid(4779ea11e9f452146b377212652d88e0) Importer(815301076,1909f56bfc062723c751e8b465ee728b)
Start importing Assets/Personaje_0/Scripts/Scr_09_PJ0_Hurtbox.cs using Guid(4779ea11e9f452146b377212652d88e0) Importer(815301076,1909f56bfc062723c751e8b465ee728b)  -> (artifact id: '541b3abf6ad3c12fce24b7914bc66e31') in 0.053080 seconds 
========================================================================
Received Import Request.
  Time since last request: 0.000032 seconds.
  path: Assets/Personaje_0/Scripts/Scr_02_Estado_Manager.cs
  artifactKey: Guid(845c6adb197c8dd4ba68b309d20bbed9) Importer(815301076,1909f56bfc062723c751e8b465ee728b)
Start importing Assets/Personaje_0/Scripts/Scr_02_Estado_Manager.cs using Guid(845c6adb197c8dd4ba68b309d20bbed9) Importer(815301076,1909f56bfc062723c751e8b465ee728b)  -> (artifact id: 'f63889c64330c5b4e36c44f34378a58c') in 0.008822 seconds 
========================================================================
Received Import Request.
  Time since last request: 0.000047 seconds.
  path: Assets/Personaje_0/Scripts/Scr_03_Estadisticas.cs
  artifactKey: Guid(832bbdf7861227a43856145758257496) Importer(815301076,1909f56bfc062723c751e8b465ee728b)
Start importing Assets/Personaje_0/Scripts/Scr_03_Estadisticas.cs using Guid(832bbdf7861227a43856145758257496) Importer(815301076,1909f56bfc062723c751e8b465ee728b)  -> (artifact id: 'ee59493f803002b9e4d38edf0ddffcb6') in 0.008079 seconds 
========================================================================
Received Import Request.
  Time since last request: 0.000040 seconds.
  path: Assets/Personaje_0/Scripts/Scr_06_PJ0_Hitbox_Manager.cs
  artifactKey: Guid(9b1e2d72ed67fa8499b5ccc4a153ce9f) Importer(815301076,1909f56bfc062723c751e8b465ee728b)
Start importing Assets/Personaje_0/Scripts/Scr_06_PJ0_Hitbox_Manager.cs using Guid(9b1e2d72ed67fa8499b5ccc4a153ce9f) Importer(815301076,1909f56bfc062723c751e8b465ee728b)  -> (artifact id: '2330c00cb5e086c9d6ba99faf4b76bea') in 0.009711 seconds 
========================================================================
Received Import Request.
  Time since last request: 0.000029 seconds.
  path: Assets/Personaje_0/Scripts/Scr_08_PJ0_Hurtbox_Manager.cs
  artifactKey: Guid(a3d6c63721e5983448408d9715700968) Importer(815301076,1909f56bfc062723c751e8b465ee728b)
Start importing Assets/Personaje_0/Scripts/Scr_08_PJ0_Hurtbox_Manager.cs using Guid(a3d6c63721e5983448408d9715700968) Importer(815301076,1909f56bfc062723c751e8b465ee728b)  -> (artifact id: '8f3ec859d35bfc7504ab51fa34389d02') in 0.009727 seconds 
